0 info it worked if it ends with ok
1 verbose cli [ '/usr/bin/nodejs', '/usr/bin/npm', 'run', 'watch' ]
2 info using npm@3.10.8
3 info using node@v6.9.1
4 verbose run-script [ 'prewatch', 'watch', 'postwatch' ]
5 info lifecycle jam_sc@1.0.0~prewatch: jam_sc@1.0.0
6 silly lifecycle jam_sc@1.0.0~prewatch: no script for prewatch, continuing
7 info lifecycle jam_sc@1.0.0~watch: jam_sc@1.0.0
8 verbose lifecycle jam_sc@1.0.0~watch: unsafe-perm in lifecycle true
9 verbose lifecycle jam_sc@1.0.0~watch: PATH: /usr/lib/node_modules/npm/bin/node-gyp-bin:/home/akshayd31/CPRQ/Hackathon/jam_sc/node_modules/.bin:/usr/local/heroku/bin:/home/akshayd31/.rvm/gems/ruby-2.3.0/bin:/home/akshayd31/.rvm/gems/ruby-2.3.0@global/bin:/home/akshayd31/.rvm/rubies/ruby-2.3.0/bin:/usr/local/sbin:/usr/local/bin:/usr/sbin:/usr/bin:/sbin:/bin:/usr/games:/usr/local/games:/usr/lib/jvm/java-8-oracle/bin:/usr/lib/jvm/java-8-oracle/db/bin:/usr/lib/jvm/java-8-oracle/jre/bin:/home/akshayd31/.rvm/bin:/usr/lib/java/jdk1.8.0_101/bin:/home/akshayd31/.rvm/bin
10 verbose lifecycle jam_sc@1.0.0~watch: CWD: /home/akshayd31/CPRQ/Hackathon/jam_sc
11 silly lifecycle jam_sc@1.0.0~watch: Args: [ '-c',
11 silly lifecycle   'watchify app/app.js -o public/js/bundle.js --debug --verbose' ]
12 silly lifecycle jam_sc@1.0.0~watch: Returned: code: 137  signal: null
13 info lifecycle jam_sc@1.0.0~watch: Failed to exec watch script
14 verbose stack Error: jam_sc@1.0.0 watch: `watchify app/app.js -o public/js/bundle.js --debug --verbose`
14 verbose stack Exit status 137
14 verbose stack     at EventEmitter.<anonymous> (/usr/lib/node_modules/npm/lib/utils/lifecycle.js:255:16)
14 verbose stack     at emitTwo (events.js:106:13)
14 verbose stack     at EventEmitter.emit (events.js:191:7)
14 verbose stack     at ChildProcess.<anonymous> (/usr/lib/node_modules/npm/lib/utils/spawn.js:40:14)
14 verbose stack     at emitTwo (events.js:106:13)
14 verbose stack     at ChildProcess.emit (events.js:191:7)
14 verbose stack     at maybeClose (internal/child_process.js:877:16)
14 verbose stack     at Process.ChildProcess._handle.onexit (internal/child_process.js:226:5)
15 verbose pkgid jam_sc@1.0.0
16 verbose cwd /home/akshayd31/CPRQ/Hackathon/jam_sc
17 error Linux 4.4.0-47-generic
18 error argv "/usr/bin/nodejs" "/usr/bin/npm" "run" "watch"
19 error node v6.9.1
20 error npm  v3.10.8
21 error code ELIFECYCLE
22 error jam_sc@1.0.0 watch: `watchify app/app.js -o public/js/bundle.js --debug --verbose`
22 error Exit status 137
23 error Failed at the jam_sc@1.0.0 watch script 'watchify app/app.js -o public/js/bundle.js --debug --verbose'.
23 error Make sure you have the latest version of node.js and npm installed.
23 error If you do, this is most likely a problem with the jam_sc package,
23 error not with npm itself.
23 error Tell the author that this fails on your system:
23 error     watchify app/app.js -o public/js/bundle.js --debug --verbose
23 error You can get information on how to open an issue for this project with:
23 error     npm bugs jam_sc
23 error Or if that isn't available, you can get their info via:
23 error     npm owner ls jam_sc
23 error There is likely additional logging output above.
24 verbose exit [ 1, true ]
